contactcard/build/intermediates/manifest_merge_blame_file/release/manifest-merger-blame-release-report.txt
1<?xml version="1.0" encoding="utf-8"?>
2<manifest xmlns:android="http://schemas.android.com/apk/res/android"
3    package="io.rong.contactcard"
4    android:versionCode="1"
5    android:versionName="1.0" >
6
7    <uses-sdk
8        android:minSdkVersion="23"
8-->src\main\AndroidManifest.xml
9        android:targetSdkVersion="26" />
9-->src\main\AndroidManifest.xml
10
11    <application android:supportsRtl="true" >
11-->src\main\AndroidManifest.xml:4:5-13:19
11-->src\main\AndroidManifest.xml:4:18-44
12        <activity
12-->src\main\AndroidManifest.xml:5:9-8:59
13            android:name="io.rong.contactcard.activities.ContactListActivity"
13-->src\main\AndroidManifest.xml:6:13-59
14            android:screenOrientation="portrait"
14-->src\main\AndroidManifest.xml:7:13-49
15            android:windowSoftInputMode="adjustNothing" />
15-->src\main\AndroidManifest.xml:8:13-56
16        <activity
16-->src\main\AndroidManifest.xml:10:9-12:59
17            android:name="io.rong.contactcard.activities.ContactDetailActivity"
17-->src\main\AndroidManifest.xml:11:13-61
18            android:theme="@android:style/Theme.Dialog" />
18-->src\main\AndroidManifest.xml:12:13-56
19    </application>
20
21</manifest>